0 info it worked if it ends with ok
1 verbose cli [ 'C:\\Program Files\\nodejs\\node.exe',
1 verbose cli   'C:\\Program Files\\nodejs\\node_modules\\npm\\bin\\npm-cli.js',
1 verbose cli   'install',
1 verbose cli   '-g',
1 verbose cli   'thor' ]
2 info using npm@4.1.2
3 info using node@v7.5.0
4 silly loadCurrentTree Starting
5 silly install loadCurrentTree
6 silly install readGlobalPackageData
7 silly fetchPackageMetaData thor
8 silly fetchNamedPackageData thor
9 silly mapToRegistry name thor
10 silly mapToRegistry using default registry
11 silly mapToRegistry registry https://registry.npmjs.org/
12 silly mapToRegistry data Result {
12 silly mapToRegistry   raw: 'thor',
12 silly mapToRegistry   scope: null,
12 silly mapToRegistry   escapedName: 'thor',
12 silly mapToRegistry   name: 'thor',
12 silly mapToRegistry   rawSpec: '',
12 silly mapToRegistry   spec: 'latest',
12 silly mapToRegistry   type: 'tag' }
13 silly mapToRegistry uri https://registry.npmjs.org/thor
14 verbose request uri https://registry.npmjs.org/thor
15 verbose request no auth needed
16 info attempt registry request try #1 at 5:18:05 PM
17 verbose request id 03b24ea912a6038c
18 http request GET https://registry.npmjs.org/thor
19 http 200 https://registry.npmjs.org/thor
20 verbose headers { server: 'nginx/1.10.1',
20 verbose headers   'content-type': 'application/json',
20 verbose headers   'last-modified': 'Wed, 28 Jan 2015 21:58:50 GMT',
20 verbose headers   etag: 'W/"54c95b9a-1dc2"',
20 verbose headers   'content-encoding': 'gzip',
20 verbose headers   'cache-control': 'max-age=300',
20 verbose headers   'content-length': '2895',
20 verbose headers   'accept-ranges': 'bytes',
20 verbose headers   date: 'Wed, 22 Mar 2017 11:47:38 GMT',
20 verbose headers   via: '1.1 varnish',
20 verbose headers   age: '0',
20 verbose headers   connection: 'keep-alive',
20 verbose headers   'x-served-by': 'cache-lcy1121-LCY',
20 verbose headers   'x-cache': 'MISS',
20 verbose headers   'x-cache-hits': '0',
20 verbose headers   'x-timer': 'S1490183258.843530,VS0,VE18',
20 verbose headers   vary: 'Accept-Encoding' }
21 silly get cb [ 200,
21 silly get   { server: 'nginx/1.10.1',
21 silly get     'content-type': 'application/json',
21 silly get     'last-modified': 'Wed, 28 Jan 2015 21:58:50 GMT',
21 silly get     etag: 'W/"54c95b9a-1dc2"',
21 silly get     'content-encoding': 'gzip',
21 silly get     'cache-control': 'max-age=300',
21 silly get     'content-length': '2895',
21 silly get     'accept-ranges': 'bytes',
21 silly get     date: 'Wed, 22 Mar 2017 11:47:38 GMT',
21 silly get     via: '1.1 varnish',
21 silly get     age: '0',
21 silly get     connection: 'keep-alive',
21 silly get     'x-served-by': 'cache-lcy1121-LCY',
21 silly get     'x-cache': 'MISS',
21 silly get     'x-cache-hits': '0',
21 silly get     'x-timer': 'S1490183258.843530,VS0,VE18',
21 silly get     vary: 'Accept-Encoding' } ]
22 verbose get saving thor to C:\Users\bhanage_r\AppData\Roaming\npm-cache\registry.npmjs.org\thor\.cache.json
23 verbose correctMkdir C:\Users\bhanage_r\AppData\Roaming\npm-cache correctMkdir not in flight; initializing
24 silly install normalizeTree
25 silly loadCurrentTree Finishing
26 silly loadIdealTree Starting
27 silly install loadIdealTree
28 silly cloneCurrentTree Starting
29 silly install cloneCurrentTreeToIdealTree
30 silly cloneCurrentTree Finishing
31 silly loadShrinkwrap Starting
32 silly install loadShrinkwrap
33 silly loadShrinkwrap Finishing
34 silly loadAllDepsIntoIdealTree Starting
35 silly install loadAllDepsIntoIdealTree
36 silly resolveWithNewModule thor@1.0.0 checking installable status
37 silly cache add args [ 'thor', null ]
38 verbose cache add spec thor
39 silly cache add parsed spec Result {
39 silly cache add   raw: 'thor',
39 silly cache add   scope: null,
39 silly cache add   escapedName: 'thor',
39 silly cache add   name: 'thor',
39 silly cache add   rawSpec: '',
39 silly cache add   spec: 'latest',
39 silly cache add   type: 'tag' }
40 silly addNamed thor@latest
41 verbose addNamed "latest" is being treated as a dist-tag for thor
42 info addNameTag [ 'thor', 'latest' ]
43 silly mapToRegistry name thor
44 silly mapToRegistry using default registry
45 silly mapToRegistry registry https://registry.npmjs.org/
46 silly mapToRegistry data Result {
46 silly mapToRegistry   raw: 'thor',
46 silly mapToRegistry   scope: null,
46 silly mapToRegistry   escapedName: 'thor',
46 silly mapToRegistry   name: 'thor',
46 silly mapToRegistry   rawSpec: '',
46 silly mapToRegistry   spec: 'latest',
46 silly mapToRegistry   type: 'tag' }
47 silly mapToRegistry uri https://registry.npmjs.org/thor
48 verbose addNameTag registry:https://registry.npmjs.org/thor not in flight; fetching
49 verbose get https://registry.npmjs.org/thor not expired, no request
50 silly addNameTag next cb for thor with tag latest
51 silly addNamed thor@1.0.0
52 verbose addNamed "1.0.0" is a plain semver version for thor
53 silly mapToRegistry name thor
54 silly mapToRegistry using default registry
55 silly mapToRegistry registry https://registry.npmjs.org/
56 silly mapToRegistry data Result {
56 silly mapToRegistry   raw: 'thor',
56 silly mapToRegistry   scope: null,
56 silly mapToRegistry   escapedName: 'thor',
56 silly mapToRegistry   name: 'thor',
56 silly mapToRegistry   rawSpec: '',
56 silly mapToRegistry   spec: 'latest',
56 silly mapToRegistry   type: 'tag' }
57 silly mapToRegistry uri https://registry.npmjs.org/thor
58 verbose addRemoteTarball https://registry.npmjs.org/thor/-/thor-1.0.0.tgz not in flight; adding
59 verbose addRemoteTarball [ 'https://registry.npmjs.org/thor/-/thor-1.0.0.tgz',
59 verbose addRemoteTarball   '388e1838aeb3a386e7ce2e1dcce3efc63f0e49e3' ]
60 info retry fetch attempt 1 at 5:18:06 PM
61 info attempt registry request try #1 at 5:18:06 PM
62 http fetch GET https://registry.npmjs.org/thor/-/thor-1.0.0.tgz
63 http fetch 200 https://registry.npmjs.org/thor/-/thor-1.0.0.tgz
64 silly fetchAndShaCheck shasum 388e1838aeb3a386e7ce2e1dcce3efc63f0e49e3
65 verbose addTmpTarball C:\Users\BHANAG~1\AppData\Local\Temp\npm-9008-9b8dc76c\registry.npmjs.org\thor\-\thor-1.0.0.tgz not in flight; adding
66 verbose addTmpTarball already have metadata; skipping unpack for thor@1.0.0
67 verbose correctMkdir C:\Users\bhanage_r\AppData\Roaming\npm-cache correctMkdir not in flight; initializing
68 silly cache afterAdd thor@1.0.0
69 verbose afterAdd C:\Users\bhanage_r\AppData\Roaming\npm-cache\thor\1.0.0\package\package.json not in flight; writing
70 verbose correctMkdir C:\Users\bhanage_r\AppData\Roaming\npm-cache correctMkdir not in flight; initializing
71 verbose afterAdd C:\Users\bhanage_r\AppData\Roaming\npm-cache\thor\1.0.0\package\package.json written
72 silly fetchNamedPackageData commander
73 silly mapToRegistry name commander
74 silly mapToRegistry using default registry
75 silly mapToRegistry registry https://registry.npmjs.org/
76 silly mapToRegistry data Result {
76 silly mapToRegistry   raw: 'commander',
76 silly mapToRegistry   scope: null,
76 silly mapToRegistry   escapedName: 'commander',
76 silly mapToRegistry   name: 'commander',
76 silly mapToRegistry   rawSpec: '',
76 silly mapToRegistry   spec: 'latest',
76 silly mapToRegistry   type: 'tag' }
77 silly mapToRegistry uri https://registry.npmjs.org/commander
78 silly fetchNamedPackageData async
79 silly mapToRegistry name async
80 silly mapToRegistry using default registry
81 silly mapToRegistry registry https://registry.npmjs.org/
82 silly mapToRegistry data Result {
82 silly mapToRegistry   raw: 'async',
82 silly mapToRegistry   scope: null,
82 silly mapToRegistry   escapedName: 'async',
82 silly mapToRegistry   name: 'async',
82 silly mapToRegistry   rawSpec: '',
82 silly mapToRegistry   spec: 'latest',
82 silly mapToRegistry   type: 'tag' }
83 silly mapToRegistry uri https://registry.npmjs.org/async
84 silly fetchNamedPackageData tab
85 silly mapToRegistry name tab
86 silly mapToRegistry using default registry
87 silly mapToRegistry registry https://registry.npmjs.org/
88 silly mapToRegistry data Result {
88 silly mapToRegistry   raw: 'tab',
88 silly mapToRegistry   scope: null,
88 silly mapToRegistry   escapedName: 'tab',
88 silly mapToRegistry   name: 'tab',
88 silly mapToRegistry   rawSpec: '',
88 silly mapToRegistry   spec: 'latest',
88 silly mapToRegistry   type: 'tag' }
89 silly mapToRegistry uri https://registry.npmjs.org/tab
90 silly fetchNamedPackageData colors
91 silly mapToRegistry name colors
92 silly mapToRegistry using default registry
93 silly mapToRegistry registry https://registry.npmjs.org/
94 silly mapToRegistry data Result {
94 silly mapToRegistry   raw: 'colors',
94 silly mapToRegistry   scope: null,
94 silly mapToRegistry   escapedName: 'colors',
94 silly mapToRegistry   name: 'colors',
94 silly mapToRegistry   rawSpec: '',
94 silly mapToRegistry   spec: 'latest',
94 silly mapToRegistry   type: 'tag' }
95 silly mapToRegistry uri https://registry.npmjs.org/colors
96 silly fetchNamedPackageData sugar
97 silly mapToRegistry name sugar
98 silly mapToRegistry using default registry
99 silly mapToRegistry registry https://registry.npmjs.org/
100 silly mapToRegistry data Result {
100 silly mapToRegistry   raw: 'sugar',
100 silly mapToRegistry   scope: null,
100 silly mapToRegistry   escapedName: 'sugar',
100 silly mapToRegistry   name: 'sugar',
100 silly mapToRegistry   rawSpec: '',
100 silly mapToRegistry   spec: 'latest',
100 silly mapToRegistry   type: 'tag' }
101 silly mapToRegistry uri https://registry.npmjs.org/sugar
102 silly fetchOtherPackageData ws@git://github.com/3rd-Eden/ws.git
103 silly cache add args [ 'ws@git://github.com/3rd-Eden/ws.git', null ]
104 verbose cache add spec ws@git://github.com/3rd-Eden/ws.git
105 silly fetchOtherPackageData fast-stats@git://github.com/bluesmoon/node-faststats.git
106 silly cache add args [ 'fast-stats@git://github.com/bluesmoon/node-faststats.git',
106 silly cache add   null ]
107 verbose cache add spec fast-stats@git://github.com/bluesmoon/node-faststats.git
108 verbose request uri https://registry.npmjs.org/tab
109 verbose request no auth needed
110 info attempt registry request try #1 at 5:18:06 PM
111 http request GET https://registry.npmjs.org/tab
112 silly cache add parsed spec Result {
112 silly cache add   raw: 'ws@git://github.com/3rd-Eden/ws.git',
112 silly cache add   scope: null,
112 silly cache add   escapedName: 'ws',
112 silly cache add   name: 'ws',
112 silly cache add   rawSpec: 'git://github.com/3rd-Eden/ws.git',
112 silly cache add   spec: 'git://github.com/3rd-Eden/ws.git',
112 silly cache add   type: 'hosted',
112 silly cache add   hosted:
112 silly cache add    { type: 'github',
112 silly cache add      ssh: 'git@github.com:3rd-Eden/ws.git',
112 silly cache add      sshUrl: 'git+ssh://git@github.com/3rd-Eden/ws.git',
112 silly cache add      httpsUrl: 'git+https://github.com/3rd-Eden/ws.git',
112 silly cache add      gitUrl: 'git://github.com/3rd-Eden/ws.git',
112 silly cache add      shortcut: 'github:3rd-Eden/ws',
112 silly cache add      directUrl: 'https://raw.githubusercontent.com/3rd-Eden/ws/master/package.json' } }
113 verbose addRemoteGit caching git://github.com/3rd-Eden/ws.git
114 verbose addRemoteGit git://github.com/3rd-Eden/ws.git is a repository hosted by github
115 silly tryClone cloning git://github.com/3rd-Eden/ws.git via git://github.com/3rd-Eden/ws.git
116 verbose tryClone git-github-com-3rd-Eden-ws-git-2e9f11e5 not in flight; caching
117 verbose correctMkdir C:\Users\bhanage_r\AppData\Roaming\npm-cache\_git-remotes correctMkdir not in flight; initializing
118 silly cache add parsed spec Result {
118 silly cache add   raw: 'fast-stats@git://github.com/bluesmoon/node-faststats.git',
118 silly cache add   scope: null,
118 silly cache add   escapedName: 'fast-stats',
118 silly cache add   name: 'fast-stats',
118 silly cache add   rawSpec: 'git://github.com/bluesmoon/node-faststats.git',
118 silly cache add   spec: 'git://github.com/bluesmoon/node-faststats.git',
118 silly cache add   type: 'hosted',
118 silly cache add   hosted:
118 silly cache add    { type: 'github',
118 silly cache add      ssh: 'git@github.com:bluesmoon/node-faststats.git',
118 silly cache add      sshUrl: 'git+ssh://git@github.com/bluesmoon/node-faststats.git',
118 silly cache add      httpsUrl: 'git+https://github.com/bluesmoon/node-faststats.git',
118 silly cache add      gitUrl: 'git://github.com/bluesmoon/node-faststats.git',
118 silly cache add      shortcut: 'github:bluesmoon/node-faststats',
118 silly cache add      directUrl: 'https://raw.githubusercontent.com/bluesmoon/node-faststats/master/package.json' } }
119 verbose addRemoteGit caching git://github.com/bluesmoon/node-faststats.git
120 verbose addRemoteGit git://github.com/bluesmoon/node-faststats.git is a repository hosted by github
121 silly tryClone cloning git://github.com/bluesmoon/node-faststats.git via git://github.com/bluesmoon/node-faststats.git
122 verbose tryClone git-github-com-bluesmoon-node-faststats-git-d01388a3 not in flight; caching
123 verbose correctMkdir C:\Users\bhanage_r\AppData\Roaming\npm-cache\_git-remotes correctMkdir already in flight; waiting
124 verbose makeDirectory C:\Users\bhanage_r\AppData\Roaming\npm-cache\_git-remotes creation not in flight; initializing
125 verbose request uri https://registry.npmjs.org/sugar
126 verbose request no auth needed
127 info attempt registry request try #1 at 5:18:06 PM
128 http request GET https://registry.npmjs.org/sugar
129 verbose request uri https://registry.npmjs.org/async
130 verbose request no auth needed
131 info attempt registry request try #1 at 5:18:06 PM
132 verbose etag W/"58aaf816-1e031"
133 verbose lastModified Mon, 20 Feb 2017 14:07:18 GMT
134 http request GET https://registry.npmjs.org/async
135 verbose makeCacheDir UID & GID are irrelevant on win32
136 verbose request uri https://registry.npmjs.org/commander
137 verbose request no auth needed
138 info attempt registry request try #1 at 5:18:06 PM
139 verbose etag W/"58a23d0b-ff5d"
140 verbose lastModified Mon, 13 Feb 2017 23:11:07 GMT
141 http request GET https://registry.npmjs.org/commander
142 info git [ 'clone',
142 info git   '--template=C:\\Users\\bhanage_r\\AppData\\Roaming\\npm-cache\\_git-remotes\\_templates',
142 info git   '--mirror',
142 info git   'git://github.com/bluesmoon/node-faststats.git',
142 info git   'C:\\Users\\bhanage_r\\AppData\\Roaming\\npm-cache\\_git-remotes\\git-github-com-bluesmoon-node-faststats-git-d01388a3' ]
143 info git [ 'clone',
143 info git   '--template=C:\\Users\\bhanage_r\\AppData\\Roaming\\npm-cache\\_git-remotes\\_templates',
143 info git   '--mirror',
143 info git   'git://github.com/3rd-Eden/ws.git',
143 info git   'C:\\Users\\bhanage_r\\AppData\\Roaming\\npm-cache\\_git-remotes\\git-github-com-3rd-Eden-ws-git-2e9f11e5' ]
144 verbose request uri https://registry.npmjs.org/colors
145 verbose request no auth needed
146 info attempt registry request try #1 at 5:18:06 PM
147 verbose etag W/"589c9dfc-57ab"
148 verbose lastModified Thu, 09 Feb 2017 16:51:08 GMT
149 http request GET https://registry.npmjs.org/colors
150 http 200 https://registry.npmjs.org/tab
151 verbose headers { server: 'nginx/1.10.1',
151 verbose headers   'content-type': 'application/json',
151 verbose headers   'last-modified': 'Fri, 24 Jun 2016 00:58:22 GMT',
151 verbose headers   etag: 'W/"576c85ae-25d8"',
151 verbose headers   'content-encoding': 'gzip',
151 verbose headers   'cache-control': 'max-age=300',
151 verbose headers   'content-length': '2647',
151 verbose headers   'accept-ranges': 'bytes',
151 verbose headers   date: 'Wed, 22 Mar 2017 11:47:39 GMT',
151 verbose headers   via: '1.1 varnish',
151 verbose headers   age: '0',
151 verbose headers   connection: 'keep-alive',
151 verbose headers   'x-served-by': 'cache-lcy1121-LCY',
151 verbose headers   'x-cache': 'MISS',
151 verbose headers   'x-cache-hits': '0',
151 verbose headers   'x-timer': 'S1490183259.320400,VS0,VE17',
151 verbose headers   vary: 'Accept-Encoding' }
152 silly get cb [ 200,
152 silly get   { server: 'nginx/1.10.1',
152 silly get     'content-type': 'application/json',
152 silly get     'last-modified': 'Fri, 24 Jun 2016 00:58:22 GMT',
152 silly get     etag: 'W/"576c85ae-25d8"',
152 silly get     'content-encoding': 'gzip',
152 silly get     'cache-control': 'max-age=300',
152 silly get     'content-length': '2647',
152 silly get     'accept-ranges': 'bytes',
152 silly get     date: 'Wed, 22 Mar 2017 11:47:39 GMT',
152 silly get     via: '1.1 varnish',
152 silly get     age: '0',
152 silly get     connection: 'keep-alive',
152 silly get     'x-served-by': 'cache-lcy1121-LCY',
152 silly get     'x-cache': 'MISS',
152 silly get     'x-cache-hits': '0',
152 silly get     'x-timer': 'S1490183259.320400,VS0,VE17',
152 silly get     vary: 'Accept-Encoding' } ]
153 verbose get saving tab to C:\Users\bhanage_r\AppData\Roaming\npm-cache\registry.npmjs.org\tab\.cache.json
154 verbose correctMkdir C:\Users\bhanage_r\AppData\Roaming\npm-cache correctMkdir not in flight; initializing
155 silly pickManifestFromRegistryMetadata spec >=0.1.0 <0.2.0 tag latest versions [ '0.0.1', '0.0.2', '0.1.0', '1.0.0' ]
156 silly resolveWithNewModule tab@0.1.0 checking installable status
157 silly cache add args [ 'tab@0.1.x', null ]
158 verbose cache add spec tab@0.1.x
159 silly cache add parsed spec Result {
159 silly cache add   raw: 'tab@0.1.x',
159 silly cache add   scope: null,
159 silly cache add   escapedName: 'tab',
159 silly cache add   name: 'tab',
159 silly cache add   rawSpec: '0.1.x',
159 silly cache add   spec: '>=0.1.0 <0.2.0',
159 silly cache add   type: 'range' }
160 silly addNamed tab@>=0.1.0 <0.2.0
161 verbose addNamed ">=0.1.0 <0.2.0" is a valid semver range for tab
162 silly addNameRange { name: 'tab', range: '>=0.1.0 <0.2.0', hasData: false }
163 silly mapToRegistry name tab
164 silly mapToRegistry using default registry
165 silly mapToRegistry registry https://registry.npmjs.org/
166 silly mapToRegistry data Result {
166 silly mapToRegistry   raw: 'tab',
166 silly mapToRegistry   scope: null,
166 silly mapToRegistry   escapedName: 'tab',
166 silly mapToRegistry   name: 'tab',
166 silly mapToRegistry   rawSpec: '',
166 silly mapToRegistry   spec: 'latest',
166 silly mapToRegistry   type: 'tag' }
167 silly mapToRegistry uri https://registry.npmjs.org/tab
168 verbose addNameRange registry:https://registry.npmjs.org/tab not in flight; fetching
169 verbose get https://registry.npmjs.org/tab not expired, no request
170 silly addNameRange number 2 { name: 'tab', range: '>=0.1.0 <0.2.0', hasData: true }
171 silly addNameRange versions [ 'tab', [ '0.0.1', '0.0.2', '0.1.0', '1.0.0' ] ]
172 silly pickManifestFromRegistryMetadata spec >=0.1.0 <0.2.0 tag latest versions [ '0.0.1', '0.0.2', '0.1.0', '1.0.0' ]
173 silly addNamed tab@0.1.0
174 verbose addNamed "0.1.0" is a plain semver version for tab
175 silly mapToRegistry name tab
176 silly mapToRegistry using default registry
177 silly mapToRegistry registry https://registry.npmjs.org/
178 silly mapToRegistry data Result {
178 silly mapToRegistry   raw: 'tab',
178 silly mapToRegistry   scope: null,
178 silly mapToRegistry   escapedName: 'tab',
178 silly mapToRegistry   name: 'tab',
178 silly mapToRegistry   rawSpec: '',
178 silly mapToRegistry   spec: 'latest',
178 silly mapToRegistry   type: 'tag' }
179 silly mapToRegistry uri https://registry.npmjs.org/tab
180 verbose addRemoteTarball https://registry.npmjs.org/tab/-/tab-0.1.0.tgz not in flight; adding
181 verbose addRemoteTarball [ 'https://registry.npmjs.org/tab/-/tab-0.1.0.tgz',
181 verbose addRemoteTarball   '8d762e7f3a1c3882b7b8a0749d813a4e358be2d7' ]
182 info retry fetch attempt 1 at 5:18:07 PM
183 info attempt registry request try #1 at 5:18:07 PM
184 http fetch GET https://registry.npmjs.org/tab/-/tab-0.1.0.tgz
185 http fetch 200 https://registry.npmjs.org/tab/-/tab-0.1.0.tgz
186 silly fetchAndShaCheck shasum 8d762e7f3a1c3882b7b8a0749d813a4e358be2d7
187 verbose addTmpTarball C:\Users\BHANAG~1\AppData\Local\Temp\npm-9008-9b8dc76c\registry.npmjs.org\tab\-\tab-0.1.0.tgz not in flight; adding
188 verbose addTmpTarball already have metadata; skipping unpack for tab@0.1.0
189 verbose correctMkdir C:\Users\bhanage_r\AppData\Roaming\npm-cache correctMkdir not in flight; initializing
190 silly cache afterAdd tab@0.1.0
191 verbose afterAdd C:\Users\bhanage_r\AppData\Roaming\npm-cache\tab\0.1.0\package\package.json not in flight; writing
192 verbose correctMkdir C:\Users\bhanage_r\AppData\Roaming\npm-cache correctMkdir not in flight; initializing
193 verbose afterAdd C:\Users\bhanage_r\AppData\Roaming\npm-cache\tab\0.1.0\package\package.json written
194 http 200 https://registry.npmjs.org/sugar
195 verbose headers { server: 'nginx/1.10.1',
195 verbose headers   'content-type': 'application/json',
195 verbose headers   'last-modified': 'Wed, 23 Nov 2016 16:39:14 GMT',
195 verbose headers   etag: 'W/"5835c632-9db3"',
195 verbose headers   'content-encoding': 'gzip',
195 verbose headers   'cache-control': 'max-age=300',
195 verbose headers   'content-length': '7389',
195 verbose headers   'accept-ranges': 'bytes',
195 verbose headers   date: 'Wed, 22 Mar 2017 11:47:39 GMT',
195 verbose headers   via: '1.1 varnish',
195 verbose headers   age: '173',
195 verbose headers   connection: 'keep-alive',
195 verbose headers   'x-served-by': 'cache-lhr6327-LHR',
195 verbose headers   'x-cache': 'HIT',
195 verbose headers   'x-cache-hits': '1',
195 verbose headers   'x-timer': 'S1490183259.584441,VS0,VE0',
195 verbose headers   vary: 'Accept-Encoding' }
196 silly get cb [ 200,
196 silly get   { server: 'nginx/1.10.1',
196 silly get     'content-type': 'application/json',
196 silly get     'last-modified': 'Wed, 23 Nov 2016 16:39:14 GMT',
196 silly get     etag: 'W/"5835c632-9db3"',
196 silly get     'content-encoding': 'gzip',
196 silly get     'cache-control': 'max-age=300',
196 silly get     'content-length': '7389',
196 silly get     'accept-ranges': 'bytes',
196 silly get     date: 'Wed, 22 Mar 2017 11:47:39 GMT',
196 silly get     via: '1.1 varnish',
196 silly get     age: '173',
196 silly get     connection: 'keep-alive',
196 silly get     'x-served-by': 'cache-lhr6327-LHR',
196 silly get     'x-cache': 'HIT',
196 silly get     'x-cache-hits': '1',
196 silly get     'x-timer': 'S1490183259.584441,VS0,VE0',
196 silly get     vary: 'Accept-Encoding' } ]
197 verbose get saving sugar to C:\Users\bhanage_r\AppData\Roaming\npm-cache\registry.npmjs.org\sugar\.cache.json
198 verbose correctMkdir C:\Users\bhanage_r\AppData\Roaming\npm-cache correctMkdir not in flight; initializing
199 silly pickManifestFromRegistryMetadata spec 1.3.8 tag latest versions [ '0.9.4',
199 silly pickManifestFromRegistryMetadata   '0.9.5',
199 silly pickManifestFromRegistryMetadata   '1.0.0',
199 silly pickManifestFromRegistryMetadata   '1.1.0',
199 silly pickManifestFromRegistryMetadata   '1.1.1',
199 silly pickManifestFromRegistryMetadata   '1.1.2',
199 silly pickManifestFromRegistryMetadata   '1.1.3',
199 silly pickManifestFromRegistryMetadata   '1.2.0',
199 silly pickManifestFromRegistryMetadata   '1.2.1',
199 silly pickManifestFromRegistryMetadata   '1.2.2',
199 silly pickManifestFromRegistryMetadata   '1.2.3',
199 silly pickManifestFromRegistryMetadata   '1.2.4',
199 silly pickManifestFromRegistryMetadata   '1.2.5',
199 silly pickManifestFromRegistryMetadata   '1.3.0',
199 silly pickManifestFromRegistryMetadata   '1.3.1',
199 silly pickManifestFromRegistryMetadata   '1.3.2',
199 silly pickManifestFromRegistryMetadata   '1.3.3',
199 silly pickManifestFromRegistryMetadata   '1.3.4',
199 silly pickManifestFromRegistryMetadata   '1.3.5',
199 silly pickManifestFromRegistryMetadata   '1.3.6',
199 silly pickManifestFromRegistryMetadata   '1.3.7',
199 silly pickManifestFromRegistryMetadata   '1.3.8',
199 silly pickManifestFromRegistryMetadata   '1.3.9',
199 silly pickManifestFromRegistryMetadata   '1.4.0',
199 silly pickManifestFromRegistryMetadata   '1.4.1',
199 silly pickManifestFromRegistryMetadata   '1.5.0',
199 silly pickManifestFromRegistryMetadata   '2.0.0',
199 silly pickManifestFromRegistryMetadata   '2.0.1',
199 silly pickManifestFromRegistryMetadata   '2.0.2',
199 silly pickManifestFromRegistryMetadata   '2.0.3',
199 silly pickManifestFromRegistryMetadata   '2.0.4' ]
200 silly resolveWithNewModule sugar@1.3.8 checking installable status
201 silly cache add args [ 'sugar@1.3.8', null ]
202 verbose cache add spec sugar@1.3.8
203 silly cache add parsed spec Result {
203 silly cache add   raw: 'sugar@1.3.8',
203 silly cache add   scope: null,
203 silly cache add   escapedName: 'sugar',
203 silly cache add   name: 'sugar',
203 silly cache add   rawSpec: '1.3.8',
203 silly cache add   spec: '1.3.8',
203 silly cache add   type: 'version' }
204 silly addNamed sugar@1.3.8
205 verbose addNamed "1.3.8" is a plain semver version for sugar
206 silly mapToRegistry name sugar
207 silly mapToRegistry using default registry
208 silly mapToRegistry registry https://registry.npmjs.org/
209 silly mapToRegistry data Result {
209 silly mapToRegistry   raw: 'sugar',
209 silly mapToRegistry   scope: null,
209 silly mapToRegistry   escapedName: 'sugar',
209 silly mapToRegistry   name: 'sugar',
209 silly mapToRegistry   rawSpec: '',
209 silly mapToRegistry   spec: 'latest',
209 silly mapToRegistry   type: 'tag' }
210 silly mapToRegistry uri https://registry.npmjs.org/sugar
211 verbose addNameVersion registry:https://registry.npmjs.org/sugar not in flight; fetching
212 verbose get https://registry.npmjs.org/sugar not expired, no request
213 silly mapToRegistry name sugar
214 silly mapToRegistry using default registry
215 silly mapToRegistry registry https://registry.npmjs.org/
216 silly mapToRegistry data Result {
216 silly mapToRegistry   raw: 'sugar',
216 silly mapToRegistry   scope: null,
216 silly mapToRegistry   escapedName: 'sugar',
216 silly mapToRegistry   name: 'sugar',
216 silly mapToRegistry   rawSpec: '',
216 silly mapToRegistry   spec: 'latest',
216 silly mapToRegistry   type: 'tag' }
217 silly mapToRegistry uri https://registry.npmjs.org/sugar
218 verbose addRemoteTarball https://registry.npmjs.org/sugar/-/sugar-1.3.8.tgz not in flight; adding
219 verbose addRemoteTarball [ 'https://registry.npmjs.org/sugar/-/sugar-1.3.8.tgz',
219 verbose addRemoteTarball   '3495db4ed50202107e9410a1ff9901c33819b80b' ]
220 http 200 https://registry.npmjs.org/commander
221 verbose headers { server: 'nginx/1.10.1',
221 verbose headers   'content-type': 'application/json',
221 verbose headers   'last-modified': 'Mon, 20 Mar 2017 06:02:32 GMT',
221 verbose headers   etag: 'W/"58cf7078-1011a"',
221 verbose headers   'content-encoding': 'gzip',
221 verbose headers   'cache-control': 'max-age=300',
221 verbose headers   'content-length': '12780',
221 verbose headers   'accept-ranges': 'bytes',
221 verbose headers   date: 'Wed, 22 Mar 2017 11:47:39 GMT',
221 verbose headers   via: '1.1 varnish',
221 verbose headers   age: '170',
221 verbose headers   connection: 'keep-alive',
221 verbose headers   'x-served-by': 'cache-lcy1128-LCY',
221 verbose headers   'x-cache': 'HIT',
221 verbose headers   'x-cache-hits': '10',
221 verbose headers   'x-timer': 'S1490183259.602666,VS0,VE0',
221 verbose headers   vary: 'Accept-Encoding' }
222 silly get cb [ 200,
222 silly get   { server: 'nginx/1.10.1',
222 silly get     'content-type': 'application/json',
222 silly get     'last-modified': 'Mon, 20 Mar 2017 06:02:32 GMT',
222 silly get     etag: 'W/"58cf7078-1011a"',
222 silly get     'content-encoding': 'gzip',
222 silly get     'cache-control': 'max-age=300',
222 silly get     'content-length': '12780',
222 silly get     'accept-ranges': 'bytes',
222 silly get     date: 'Wed, 22 Mar 2017 11:47:39 GMT',
222 silly get     via: '1.1 varnish',
222 silly get     age: '170',
222 silly get     connection: 'keep-alive',
222 silly get     'x-served-by': 'cache-lcy1128-LCY',
222 silly get     'x-cache': 'HIT',
222 silly get     'x-cache-hits': '10',
222 silly get     'x-timer': 'S1490183259.602666,VS0,VE0',
222 silly get     vary: 'Accept-Encoding' } ]
223 verbose get saving commander to C:\Users\bhanage_r\AppData\Roaming\npm-cache\registry.npmjs.org\commander\.cache.json
224 verbose correctMkdir C:\Users\bhanage_r\AppData\Roaming\npm-cache correctMkdir not in flight; initializing
225 info retry fetch attempt 1 at 5:18:07 PM
226 info attempt registry request try #1 at 5:18:07 PM
227 http fetch GET https://registry.npmjs.org/sugar/-/sugar-1.3.8.tgz
228 silly pickManifestFromRegistryMetadata spec >=1.1.0 <1.2.0 tag latest versions [ '0.0.1',
228 silly pickManifestFromRegistryMetadata   '0.0.3',
228 silly pickManifestFromRegistryMetadata   '0.0.4',
228 silly pickManifestFromRegistryMetadata   '0.0.5',
228 silly pickManifestFromRegistryMetadata   '0.1.0',
228 silly pickManifestFromRegistryMetadata   '0.2.0',
228 silly pickManifestFromRegistryMetadata   '0.2.1',
228 silly pickManifestFromRegistryMetadata   '0.3.0',
228 silly pickManifestFromRegistryMetadata   '0.3.1',
228 silly pickManifestFromRegistryMetadata   '0.3.2',
228 silly pickManifestFromRegistryMetadata   '0.3.3',
228 silly pickManifestFromRegistryMetadata   '0.4.0',
228 silly pickManifestFromRegistryMetadata   '0.4.1',
228 silly pickManifestFromRegistryMetadata   '0.4.2',
228 silly pickManifestFromRegistryMetadata   '0.4.3',
228 silly pickManifestFromRegistryMetadata   '0.5.0',
228 silly pickManifestFromRegistryMetadata   '0.5.1',
228 silly pickManifestFromRegistryMetadata   '0.6.0',
228 silly pickManifestFromRegistryMetadata   '0.6.1',
228 silly pickManifestFromRegistryMetadata   '0.5.2',
228 silly pickManifestFromRegistryMetadata   '1.0.0',
228 silly pickManifestFromRegistryMetadata   '1.0.1',
228 silly pickManifestFromRegistryMetadata   '1.0.2',
228 silly pickManifestFromRegistryMetadata   '1.0.3',
228 silly pickManifestFromRegistryMetadata   '1.0.4',
228 silly pickManifestFromRegistryMetadata   '1.0.5',
228 silly pickManifestFromRegistryMetadata   '1.1.0',
228 silly pickManifestFromRegistryMetadata   '1.1.1',
228 silly pickManifestFromRegistryMetadata   '1.2.0',
228 silly pickManifestFromRegistryMetadata   '1.3.0',
228 silly pickManifestFromRegistryMetadata   '1.3.1',
228 silly pickManifestFromRegistryMetadata   '1.3.2',
228 silly pickManifestFromRegistryMetadata   '2.0.0',
228 silly pickManifestFromRegistryMetadata   '2.1.0',
228 silly pickManifestFromRegistryMetadata   '2.2.0',
228 silly pickManifestFromRegistryMetadata   '2.3.0',
228 silly pickManifestFromRegistryMetadata   '2.4.0',
228 silly pickManifestFromRegistryMetadata   '2.5.0',
228 silly pickManifestFromRegistryMetadata   '2.5.1',
228 silly pickManifestFromRegistryMetadata   '2.6.0',
228 silly pickManifestFromRegistryMetadata   '2.7.0',
228 silly pickManifestFromRegistryMetadata   '2.7.1',
228 silly pickManifestFromRegistryMetadata   '2.8.0',
228 silly pickManifestFromRegistryMetadata   '2.8.1',
228 silly pickManifestFromRegistryMetadata   '2.9.0' ]
229 silly resolveWithNewModule commander@1.1.1 checking installable status
230 silly cache add args [ 'commander@1.1.x', null ]
231 verbose cache add spec commander@1.1.x
232 silly cache add parsed spec Result {
232 silly cache add   raw: 'commander@1.1.x',
232 silly cache add   scope: null,
232 silly cache add   escapedName: 'commander',
232 silly cache add   name: 'commander',
232 silly cache add   rawSpec: '1.1.x',
232 silly cache add   spec: '>=1.1.0 <1.2.0',
232 silly cache add   type: 'range' }
233 silly addNamed commander@>=1.1.0 <1.2.0
234 verbose addNamed ">=1.1.0 <1.2.0" is a valid semver range for commander
235 silly addNameRange { name: 'commander', range: '>=1.1.0 <1.2.0', hasData: false }
236 silly mapToRegistry name commander
237 silly mapToRegistry using default registry
238 silly mapToRegistry registry https://registry.npmjs.org/
239 silly mapToRegistry data Result {
239 silly mapToRegistry   raw: 'commander',
239 silly mapToRegistry   scope: null,
239 silly mapToRegistry   escapedName: 'commander',
239 silly mapToRegistry   name: 'commander',
239 silly mapToRegistry   rawSpec: '',
239 silly mapToRegistry   spec: 'latest',
239 silly mapToRegistry   type: 'tag' }
240 silly mapToRegistry uri https://registry.npmjs.org/commander
241 verbose addNameRange registry:https://registry.npmjs.org/commander not in flight; fetching
242 http 200 https://registry.npmjs.org/colors
243 verbose headers { server: 'nginx/1.10.1',
243 verbose headers   'content-type': 'application/json',
243 verbose headers   'last-modified': 'Wed, 22 Mar 2017 05:51:32 GMT',
243 verbose headers   etag: 'W/"58d210e4-5881"',
243 verbose headers   'content-encoding': 'gzip',
243 verbose headers   'cache-control': 'max-age=300',
243 verbose headers   'content-length': '5984',
243 verbose headers   'accept-ranges': 'bytes',
243 verbose headers   date: 'Wed, 22 Mar 2017 11:47:39 GMT',
243 verbose headers   via: '1.1 varnish',
243 verbose headers   age: '275',
243 verbose headers   connection: 'keep-alive',
243 verbose headers   'x-served-by': 'cache-lhr6346-LHR',
243 verbose headers   'x-cache': 'HIT',
243 verbose headers   'x-cache-hits': '22',
243 verbose headers   'x-timer': 'S1490183259.626075,VS0,VE0',
243 verbose headers   vary: 'Accept-Encoding' }
244 silly get cb [ 200,
244 silly get   { server: 'nginx/1.10.1',
244 silly get     'content-type': 'application/json',
244 silly get     'last-modified': 'Wed, 22 Mar 2017 05:51:32 GMT',
244 silly get     etag: 'W/"58d210e4-5881"',
244 silly get     'content-encoding': 'gzip',
244 silly get     'cache-control': 'max-age=300',
244 silly get     'content-length': '5984',
244 silly get     'accept-ranges': 'bytes',
244 silly get     date: 'Wed, 22 Mar 2017 11:47:39 GMT',
244 silly get     via: '1.1 varnish',
244 silly get     age: '275',
244 silly get     connection: 'keep-alive',
244 silly get     'x-served-by': 'cache-lhr6346-LHR',
244 silly get     'x-cache': 'HIT',
244 silly get     'x-cache-hits': '22',
244 silly get     'x-timer': 'S1490183259.626075,VS0,VE0',
244 silly get     vary: 'Accept-Encoding' } ]
245 verbose get saving colors to C:\Users\bhanage_r\AppData\Roaming\npm-cache\registry.npmjs.org\colors\.cache.json
246 verbose correctMkdir C:\Users\bhanage_r\AppData\Roaming\npm-cache correctMkdir not in flight; initializing
247 verbose get https://registry.npmjs.org/commander not expired, no request
248 silly addNameRange number 2 { name: 'commander', range: '>=1.1.0 <1.2.0', hasData: true }
249 silly addNameRange versions [ 'commander',
249 silly addNameRange   [ '0.0.1',
249 silly addNameRange     '0.0.3',
249 silly addNameRange     '0.0.4',
249 silly addNameRange     '0.0.5',
249 silly addNameRange     '0.1.0',
249 silly addNameRange     '0.2.0',
249 silly addNameRange     '0.2.1',
249 silly addNameRange     '0.3.0',
249 silly addNameRange     '0.3.1',
249 silly addNameRange     '0.3.2',
249 silly addNameRange     '0.3.3',
249 silly addNameRange     '0.4.0',
249 silly addNameRange     '0.4.1',
249 silly addNameRange     '0.4.2',
249 silly addNameRange     '0.4.3',
249 silly addNameRange     '0.5.0',
249 silly addNameRange     '0.5.1',
249 silly addNameRange     '0.6.0',
249 silly addNameRange     '0.6.1',
249 silly addNameRange     '0.5.2',
249 silly addNameRange     '1.0.0',
249 silly addNameRange     '1.0.1',
249 silly addNameRange     '1.0.2',
249 silly addNameRange     '1.0.3',
249 silly addNameRange     '1.0.4',
249 silly addNameRange     '1.0.5',
249 silly addNameRange     '1.1.0',
249 silly addNameRange     '1.1.1',
249 silly addNameRange     '1.2.0',
249 silly addNameRange     '1.3.0',
249 silly addNameRange     '1.3.1',
249 silly addNameRange     '1.3.2',
249 silly addNameRange     '2.0.0',
249 silly addNameRange     '2.1.0',
249 silly addNameRange     '2.2.0',
249 silly addNameRange     '2.3.0',
249 silly addNameRange     '2.4.0',
249 silly addNameRange     '2.5.0',
249 silly addNameRange     '2.5.1',
249 silly addNameRange     '2.6.0',
249 silly addNameRange     '2.7.0',
249 silly addNameRange     '2.7.1',
249 silly addNameRange     '2.8.0',
249 silly addNameRange     '2.8.1',
249 silly addNameRange     '2.9.0' ] ]
250 silly pickManifestFromRegistryMetadata spec >=1.1.0 <1.2.0 tag latest versions [ '0.0.1',
250 silly pickManifestFromRegistryMetadata   '0.0.3',
250 silly pickManifestFromRegistryMetadata   '0.0.4',
250 silly pickManifestFromRegistryMetadata   '0.0.5',
250 silly pickManifestFromRegistryMetadata   '0.1.0',
250 silly pickManifestFromRegistryMetadata   '0.2.0',
250 silly pickManifestFromRegistryMetadata   '0.2.1',
250 silly pickManifestFromRegistryMetadata   '0.3.0',
250 silly pickManifestFromRegistryMetadata   '0.3.1',
250 silly pickManifestFromRegistryMetadata   '0.3.2',
250 silly pickManifestFromRegistryMetadata   '0.3.3',
250 silly pickManifestFromRegistryMetadata   '0.4.0',
250 silly pickManifestFromRegistryMetadata   '0.4.1',
250 silly pickManifestFromRegistryMetadata   '0.4.2',
250 silly pickManifestFromRegistryMetadata   '0.4.3',
250 silly pickManifestFromRegistryMetadata   '0.5.0',
250 silly pickManifestFromRegistryMetadata   '0.5.1',
250 silly pickManifestFromRegistryMetadata   '0.6.0',
250 silly pickManifestFromRegistryMetadata   '0.6.1',
250 silly pickManifestFromRegistryMetadata   '0.5.2',
250 silly pickManifestFromRegistryMetadata   '1.0.0',
250 silly pickManifestFromRegistryMetadata   '1.0.1',
250 silly pickManifestFromRegistryMetadata   '1.0.2',
250 silly pickManifestFromRegistryMetadata   '1.0.3',
250 silly pickManifestFromRegistryMetadata   '1.0.4',
250 silly pickManifestFromRegistryMetadata   '1.0.5',
250 silly pickManifestFromRegistryMetadata   '1.1.0',
250 silly pickManifestFromRegistryMetadata   '1.1.1',
250 silly pickManifestFromRegistryMetadata   '1.2.0',
250 silly pickManifestFromRegistryMetadata   '1.3.0',
250 silly pickManifestFromRegistryMetadata   '1.3.1',
250 silly pickManifestFromRegistryMetadata   '1.3.2',
250 silly pickManifestFromRegistryMetadata   '2.0.0',
250 silly pickManifestFromRegistryMetadata   '2.1.0',
250 silly pickManifestFromRegistryMetadata   '2.2.0',
250 silly pickManifestFromRegistryMetadata   '2.3.0',
250 silly pickManifestFromRegistryMetadata   '2.4.0',
250 silly pickManifestFromRegistryMetadata   '2.5.0',
250 silly pickManifestFromRegistryMetadata   '2.5.1',
250 silly pickManifestFromRegistryMetadata   '2.6.0',
250 silly pickManifestFromRegistryMetadata   '2.7.0',
250 silly pickManifestFromRegistryMetadata   '2.7.1',
250 silly pickManifestFromRegistryMetadata   '2.8.0',
250 silly pickManifestFromRegistryMetadata   '2.8.1',
250 silly pickManifestFromRegistryMetadata   '2.9.0' ]
251 silly addNamed commander@1.1.1
252 verbose addNamed "1.1.1" is a plain semver version for commander
253 silly mapToRegistry name commander
254 silly mapToRegistry using default registry
255 silly mapToRegistry registry https://registry.npmjs.org/
256 silly mapToRegistry data Result {
256 silly mapToRegistry   raw: 'commander',
256 silly mapToRegistry   scope: null,
256 silly mapToRegistry   escapedName: 'commander',
256 silly mapToRegistry   name: 'commander',
256 silly mapToRegistry   rawSpec: '',
256 silly mapToRegistry   spec: 'latest',
256 silly mapToRegistry   type: 'tag' }
257 silly mapToRegistry uri https://registry.npmjs.org/commander
258 verbose addRemoteTarball https://registry.npmjs.org/commander/-/commander-1.1.1.tgz not in flight; adding
259 verbose addRemoteTarball [ 'https://registry.npmjs.org/commander/-/commander-1.1.1.tgz',
259 verbose addRemoteTarball   '50d1651868ae60eccff0a2d9f34595376bc6b041' ]
260 info retry fetch attempt 1 at 5:18:07 PM
261 info attempt registry request try #1 at 5:18:07 PM
262 http fetch GET https://registry.npmjs.org/commander/-/commander-1.1.1.tgz
263 silly pickManifestFromRegistryMetadata spec >=0.6.0 <0.7.0 tag latest versions [ '0.3.0',
263 silly pickManifestFromRegistryMetadata   '0.5.0',
263 silly pickManifestFromRegistryMetadata   '0.5.1',
263 silly pickManifestFromRegistryMetadata   '0.6.0',
263 silly pickManifestFromRegistryMetadata   '0.6.0-1',
263 silly pickManifestFromRegistryMetadata   '0.6.1',
263 silly pickManifestFromRegistryMetadata   '0.6.2',
263 silly pickManifestFromRegistryMetadata   '1.0.0',
263 silly pickManifestFromRegistryMetadata   '1.0.1',
263 silly pickManifestFromRegistryMetadata   '1.0.2',
263 silly pickManifestFromRegistryMetadata   '1.0.3',
263 silly pickManifestFromRegistryMetadata   '1.1.0',
263 silly pickManifestFromRegistryMetadata   '1.1.1',
263 silly pickManifestFromRegistryMetadata   '1.1.2' ]
264 silly resolveWithNewModule colors@0.6.2 checking installable status
265 silly cache add args [ 'colors@0.6.x', null ]
266 verbose cache add spec colors@0.6.x
267 silly cache add parsed spec Result {
267 silly cache add   raw: 'colors@0.6.x',
267 silly cache add   scope: null,
267 silly cache add   escapedName: 'colors',
267 silly cache add   name: 'colors',
267 silly cache add   rawSpec: '0.6.x',
267 silly cache add   spec: '>=0.6.0 <0.7.0',
267 silly cache add   type: 'range' }
268 silly addNamed colors@>=0.6.0 <0.7.0
269 verbose addNamed ">=0.6.0 <0.7.0" is a valid semver range for colors
270 silly addNameRange { name: 'colors', range: '>=0.6.0 <0.7.0', hasData: false }
271 silly mapToRegistry name colors
272 silly mapToRegistry using default registry
273 silly mapToRegistry registry https://registry.npmjs.org/
274 silly mapToRegistry data Result {
274 silly mapToRegistry   raw: 'colors',
274 silly mapToRegistry   scope: null,
274 silly mapToRegistry   escapedName: 'colors',
274 silly mapToRegistry   name: 'colors',
274 silly mapToRegistry   rawSpec: '',
274 silly mapToRegistry   spec: 'latest',
274 silly mapToRegistry   type: 'tag' }
275 silly mapToRegistry uri https://registry.npmjs.org/colors
276 verbose addNameRange registry:https://registry.npmjs.org/colors not in flight; fetching
277 verbose get https://registry.npmjs.org/colors not expired, no request
278 silly addNameRange number 2 { name: 'colors', range: '>=0.6.0 <0.7.0', hasData: true }
279 silly addNameRange versions [ 'colors',
279 silly addNameRange   [ '0.3.0',
279 silly addNameRange     '0.5.0',
279 silly addNameRange     '0.5.1',
279 silly addNameRange     '0.6.0',
279 silly addNameRange     '0.6.0-1',
279 silly addNameRange     '0.6.1',
279 silly addNameRange     '0.6.2',
279 silly addNameRange     '1.0.0',
279 silly addNameRange     '1.0.1',
279 silly addNameRange     '1.0.2',
279 silly addNameRange     '1.0.3',
279 silly addNameRange     '1.1.0',
279 silly addNameRange     '1.1.1',
279 silly addNameRange     '1.1.2' ] ]
280 silly pickManifestFromRegistryMetadata spec >=0.6.0 <0.7.0 tag latest versions [ '0.3.0',
280 silly pickManifestFromRegistryMetadata   '0.5.0',
280 silly pickManifestFromRegistryMetadata   '0.5.1',
280 silly pickManifestFromRegistryMetadata   '0.6.0',
280 silly pickManifestFromRegistryMetadata   '0.6.0-1',
280 silly pickManifestFromRegistryMetadata   '0.6.1',
280 silly pickManifestFromRegistryMetadata   '0.6.2',
280 silly pickManifestFromRegistryMetadata   '1.0.0',
280 silly pickManifestFromRegistryMetadata   '1.0.1',
280 silly pickManifestFromRegistryMetadata   '1.0.2',
280 silly pickManifestFromRegistryMetadata   '1.0.3',
280 silly pickManifestFromRegistryMetadata   '1.1.0',
280 silly pickManifestFromRegistryMetadata   '1.1.1',
280 silly pickManifestFromRegistryMetadata   '1.1.2' ]
281 silly addNamed colors@0.6.2
282 verbose addNamed "0.6.2" is a plain semver version for colors
283 silly mapToRegistry name colors
284 silly mapToRegistry using default registry
285 silly mapToRegistry registry https://registry.npmjs.org/
286 silly mapToRegistry data Result {
286 silly mapToRegistry   raw: 'colors',
286 silly mapToRegistry   scope: null,
286 silly mapToRegistry   escapedName: 'colors',
286 silly mapToRegistry   name: 'colors',
286 silly mapToRegistry   rawSpec: '',
286 silly mapToRegistry   spec: 'latest',
286 silly mapToRegistry   type: 'tag' }
287 silly mapToRegistry uri https://registry.npmjs.org/colors
288 verbose addRemoteTarball https://registry.npmjs.org/colors/-/colors-0.6.2.tgz not in flight; adding
289 verbose addRemoteTarball [ 'https://registry.npmjs.org/colors/-/colors-0.6.2.tgz',
289 verbose addRemoteTarball   '2423fe6678ac0c5dae8852e5d0e5be08c997abcc' ]
290 info retry fetch attempt 1 at 5:18:07 PM
291 info attempt registry request try #1 at 5:18:07 PM
292 http fetch GET https://registry.npmjs.org/colors/-/colors-0.6.2.tgz
293 http 200 https://registry.npmjs.org/async
294 verbose headers { server: 'nginx/1.10.1',
294 verbose headers   'content-type': 'application/json',
294 verbose headers   'last-modified': 'Tue, 21 Mar 2017 19:15:09 GMT',
294 verbose headers   etag: 'W/"58d17bbd-1e120"',
294 verbose headers   'content-encoding': 'gzip',
294 verbose headers   'cache-control': 'max-age=300',
294 verbose headers   'content-length': '15598',
294 verbose headers   'accept-ranges': 'bytes',
294 verbose headers   date: 'Wed, 22 Mar 2017 11:47:39 GMT',
294 verbose headers   via: '1.1 varnish',
294 verbose headers   age: '180',
294 verbose headers   connection: 'keep-alive',
294 verbose headers   'x-served-by': 'cache-lhr6345-LHR',
294 verbose headers   'x-cache': 'HIT',
294 verbose headers   'x-cache-hits': '21',
294 verbose headers   'x-timer': 'S1490183259.595770,VS0,VE0',
294 verbose headers   vary: 'Accept-Encoding' }
295 silly get cb [ 200,
295 silly get   { server: 'nginx/1.10.1',
295 silly get     'content-type': 'application/json',
295 silly get     'last-modified': 'Tue, 21 Mar 2017 19:15:09 GMT',
295 silly get     etag: 'W/"58d17bbd-1e120"',
295 silly get     'content-encoding': 'gzip',
295 silly get     'cache-control': 'max-age=300',
295 silly get     'content-length': '15598',
295 silly get     'accept-ranges': 'bytes',
295 silly get     date: 'Wed, 22 Mar 2017 11:47:39 GMT',
295 silly get     via: '1.1 varnish',
295 silly get     age: '180',
295 silly get     connection: 'keep-alive',
295 silly get     'x-served-by': 'cache-lhr6345-LHR',
295 silly get     'x-cache': 'HIT',
295 silly get     'x-cache-hits': '21',
295 silly get     'x-timer': 'S1490183259.595770,VS0,VE0',
295 silly get     vary: 'Accept-Encoding' } ]
296 verbose get saving async to C:\Users\bhanage_r\AppData\Roaming\npm-cache\registry.npmjs.org\async\.cache.json
297 verbose correctMkdir C:\Users\bhanage_r\AppData\Roaming\npm-cache correctMkdir not in flight; initializing
298 silly pickManifestFromRegistryMetadata spec >=0.2.0 <0.3.0 tag latest versions [ '0.1.0',
298 silly pickManifestFromRegistryMetadata   '0.1.1',
298 silly pickManifestFromRegistryMetadata   '0.1.2',
298 silly pickManifestFromRegistryMetadata   '0.1.3',
298 silly pickManifestFromRegistryMetadata   '0.1.4',
298 silly pickManifestFromRegistryMetadata   '0.1.5',
298 silly pickManifestFromRegistryMetadata   '0.1.6',
298 silly pickManifestFromRegistryMetadata   '0.1.7',
298 silly pickManifestFromRegistryMetadata   '0.1.8',
298 silly pickManifestFromRegistryMetadata   '0.1.9',
298 silly pickManifestFromRegistryMetadata   '0.1.10',
298 silly pickManifestFromRegistryMetadata   '0.1.11',
298 silly pickManifestFromRegistryMetadata   '0.1.12',
298 silly pickManifestFromRegistryMetadata   '0.1.13',
298 silly pickManifestFromRegistryMetadata   '0.1.14',
298 silly pickManifestFromRegistryMetadata   '0.1.15',
298 silly pickManifestFromRegistryMetadata   '0.1.16',
298 silly pickManifestFromRegistryMetadata   '0.1.17',
298 silly pickManifestFromRegistryMetadata   '0.1.18',
298 silly pickManifestFromRegistryMetadata   '0.1.19',
298 silly pickManifestFromRegistryMetadata   '0.1.20',
298 silly pickManifestFromRegistryMetadata   '0.1.21',
298 silly pickManifestFromRegistryMetadata   '0.1.22',
298 silly pickManifestFromRegistryMetadata   '0.2.0',
298 silly pickManifestFromRegistryMetadata   '0.2.1',
298 silly pickManifestFromRegistryMetadata   '0.2.2',
298 silly pickManifestFromRegistryMetadata   '0.2.3',
298 silly pickManifestFromRegistryMetadata   '0.2.4',
298 silly pickManifestFromRegistryMetadata   '0.2.5',
298 silly pickManifestFromRegistryMetadata   '0.2.6',
298 silly pickManifestFromRegistryMetadata   '0.2.7',
298 silly pickManifestFromRegistryMetadata   '0.2.8',
298 silly pickManifestFromRegistryMetadata   '0.2.9',
298 silly pickManifestFromRegistryMetadata   '0.2.10',
298 silly pickManifestFromRegistryMetadata   '0.3.0',
298 silly pickManifestFromRegistryMetadata   '0.4.0',
298 silly pickManifestFromRegistryMetadata   '0.4.1',
298 silly pickManifestFromRegistryMetadata   '0.5.0',
298 silly pickManifestFromRegistryMetadata   '0.6.0',
298 silly pickManifestFromRegistryMetadata   '0.6.1',
298 silly pickManifestFromRegistryMetadata   '0.6.2',
298 silly pickManifestFromRegistryMetadata   '0.7.0',
298 silly pickManifestFromRegistryMetadata   '0.8.0',
298 silly pickManifestFromRegistryMetadata   '0.9.0',
298 silly pickManifestFromRegistryMetadata   '0.9.2',
298 silly pickManifestFromRegistryMetadata   '1.0.0',
298 silly pickManifestFromRegistryMetadata   '1.1.0',
298 silly pickManifestFromRegistryMetadata   '1.2.0',
298 silly pickManifestFromRegistryMetadata   '1.1.1',
298 silly pickManifestFromRegistryMetadata   '1.2.1',
298 silly pickManifestFromRegistryMetadata   '1.3.0',
298 silly pickManifestFromRegistryMetadata   '1.4.0',
298 silly pickManifestFromRegistryMetadata   '1.4.1',
298 silly pickManifestFromRegistryMetadata   '1.4.2',
298 silly pickManifestFromRegistryMetadata   '1.5.0',
298 silly pickManifestFromRegistryMetadata   '1.5.1',
298 silly pickManifestFromRegistryMetadata   '1.5.2',
298 silly pickManifestFromRegistryMetadata   '2.0.0-alpha.0',
298 silly pickManifestFromRegistryMetadata   '2.0.0-rc.1',
298 silly pickManifestFromRegistryMetadata   '2.0.0-rc.2',
298 silly pickManifestFromRegistryMetadata   '2.0.0-rc.3',
298 silly pickManifestFromRegistryMetadata   '2.0.0-rc.4',
298 silly pickManifestFromRegistryMetadata   '2.0.0-rc.5',
298 silly pickManifestFromRegistryMetadata   '2.0.0-rc.6',
298 silly pickManifestFromRegistryMetadata   '2.0.0',
298 silly pickManifestFromRegistryMetadata   '2.0.1',
298 silly pickManifestFromRegistryMetadata   '2.1.0',
298 silly pickManifestFromRegistryMetadata   '2.1.1',
298 silly pickManifestFromRegistryMetadata   '2.1.2',
298 silly pickManifestFromRegistryMetadata   '2.1.4',
298 silly pickManifestFromRegistryMetadata   '2.1.5' ]
299 silly resolveWithNewModule async@0.2.10 checking installable status
300 silly cache add args [ 'async@0.2.x', null ]
301 verbose cache add spec async@0.2.x
302 silly cache add parsed spec Result {
302 silly cache add   raw: 'async@0.2.x',
302 silly cache add   scope: null,
302 silly cache add   escapedName: 'async',
302 silly cache add   name: 'async',
302 silly cache add   rawSpec: '0.2.x',
302 silly cache add   spec: '>=0.2.0 <0.3.0',
302 silly cache add   type: 'range' }
303 silly addNamed async@>=0.2.0 <0.3.0
304 verbose addNamed ">=0.2.0 <0.3.0" is a valid semver range for async
305 silly addNameRange { name: 'async', range: '>=0.2.0 <0.3.0', hasData: false }
306 silly mapToRegistry name async
307 silly mapToRegistry using default registry
308 silly mapToRegistry registry https://registry.npmjs.org/
309 silly mapToRegistry data Result {
309 silly mapToRegistry   raw: 'async',
309 silly mapToRegistry   scope: null,
309 silly mapToRegistry   escapedName: 'async',
309 silly mapToRegistry   name: 'async',
309 silly mapToRegistry   rawSpec: '',
309 silly mapToRegistry   spec: 'latest',
309 silly mapToRegistry   type: 'tag' }
310 silly mapToRegistry uri https://registry.npmjs.org/async
311 verbose addNameRange registry:https://registry.npmjs.org/async not in flight; fetching
312 verbose get https://registry.npmjs.org/async not expired, no request
313 silly addNameRange number 2 { name: 'async', range: '>=0.2.0 <0.3.0', hasData: true }
314 silly addNameRange versions [ 'async',
314 silly addNameRange   [ '0.1.0',
314 silly addNameRange     '0.1.1',
314 silly addNameRange     '0.1.2',
314 silly addNameRange     '0.1.3',
314 silly addNameRange     '0.1.4',
314 silly addNameRange     '0.1.5',
314 silly addNameRange     '0.1.6',
314 silly addNameRange     '0.1.7',
314 silly addNameRange     '0.1.8',
314 silly addNameRange     '0.1.9',
314 silly addNameRange     '0.1.10',
314 silly addNameRange     '0.1.11',
314 silly addNameRange     '0.1.12',
314 silly addNameRange     '0.1.13',
314 silly addNameRange     '0.1.14',
314 silly addNameRange     '0.1.15',
314 silly addNameRange     '0.1.16',
314 silly addNameRange     '0.1.17',
314 silly addNameRange     '0.1.18',
314 silly addNameRange     '0.1.19',
314 silly addNameRange     '0.1.20',
314 silly addNameRange     '0.1.21',
314 silly addNameRange     '0.1.22',
314 silly addNameRange     '0.2.0',
314 silly addNameRange     '0.2.1',
314 silly addNameRange     '0.2.2',
314 silly addNameRange     '0.2.3',
314 silly addNameRange     '0.2.4',
314 silly addNameRange     '0.2.5',
314 silly addNameRange     '0.2.6',
314 silly addNameRange     '0.2.7',
314 silly addNameRange     '0.2.8',
314 silly addNameRange     '0.2.9',
314 silly addNameRange     '0.2.10',
314 silly addNameRange     '0.3.0',
314 silly addNameRange     '0.4.0',
314 silly addNameRange     '0.4.1',
314 silly addNameRange     '0.5.0',
314 silly addNameRange     '0.6.0',
314 silly addNameRange     '0.6.1',
314 silly addNameRange     '0.6.2',
314 silly addNameRange     '0.7.0',
314 silly addNameRange     '0.8.0',
314 silly addNameRange     '0.9.0',
314 silly addNameRange     '0.9.2',
314 silly addNameRange     '1.0.0',
314 silly addNameRange     '1.1.0',
314 silly addNameRange     '1.2.0',
314 silly addNameRange     '1.1.1',
314 silly addNameRange     '1.2.1',
314 silly addNameRange     '1.3.0',
314 silly addNameRange     '1.4.0',
314 silly addNameRange     '1.4.1',
314 silly addNameRange     '1.4.2',
314 silly addNameRange     '1.5.0',
314 silly addNameRange     '1.5.1',
314 silly addNameRange     '1.5.2',
314 silly addNameRange     '2.0.0-alpha.0',
314 silly addNameRange     '2.0.0-rc.1',
314 silly addNameRange     '2.0.0-rc.2',
314 silly addNameRange     '2.0.0-rc.3',
314 silly addNameRange     '2.0.0-rc.4',
314 silly addNameRange     '2.0.0-rc.5',
314 silly addNameRange     '2.0.0-rc.6',
314 silly addNameRange     '2.0.0',
314 silly addNameRange     '2.0.1',
314 silly addNameRange     '2.1.0',
314 silly addNameRange     '2.1.1',
314 silly addNameRange     '2.1.2',
314 silly addNameRange     '2.1.4',
314 silly addNameRange     '2.1.5' ] ]
315 silly pickManifestFromRegistryMetadata spec >=0.2.0 <0.3.0 tag latest versions [ '0.1.0',
315 silly pickManifestFromRegistryMetadata   '0.1.1',
315 silly pickManifestFromRegistryMetadata   '0.1.2',
315 silly pickManifestFromRegistryMetadata   '0.1.3',
315 silly pickManifestFromRegistryMetadata   '0.1.4',
315 silly pickManifestFromRegistryMetadata   '0.1.5',
315 silly pickManifestFromRegistryMetadata   '0.1.6',
315 silly pickManifestFromRegistryMetadata   '0.1.7',
315 silly pickManifestFromRegistryMetadata   '0.1.8',
315 silly pickManifestFromRegistryMetadata   '0.1.9',
315 silly pickManifestFromRegistryMetadata   '0.1.10',
315 silly pickManifestFromRegistryMetadata   '0.1.11',
315 silly pickManifestFromRegistryMetadata   '0.1.12',
315 silly pickManifestFromRegistryMetadata   '0.1.13',
315 silly pickManifestFromRegistryMetadata   '0.1.14',
315 silly pickManifestFromRegistryMetadata   '0.1.15',
315 silly pickManifestFromRegistryMetadata   '0.1.16',
315 silly pickManifestFromRegistryMetadata   '0.1.17',
315 silly pickManifestFromRegistryMetadata   '0.1.18',
315 silly pickManifestFromRegistryMetadata   '0.1.19',
315 silly pickManifestFromRegistryMetadata   '0.1.20',
315 silly pickManifestFromRegistryMetadata   '0.1.21',
315 silly pickManifestFromRegistryMetadata   '0.1.22',
315 silly pickManifestFromRegistryMetadata   '0.2.0',
315 silly pickManifestFromRegistryMetadata   '0.2.1',
315 silly pickManifestFromRegistryMetadata   '0.2.2',
315 silly pickManifestFromRegistryMetadata   '0.2.3',
315 silly pickManifestFromRegistryMetadata   '0.2.4',
315 silly pickManifestFromRegistryMetadata   '0.2.5',
315 silly pickManifestFromRegistryMetadata   '0.2.6',
315 silly pickManifestFromRegistryMetadata   '0.2.7',
315 silly pickManifestFromRegistryMetadata   '0.2.8',
315 silly pickManifestFromRegistryMetadata   '0.2.9',
315 silly pickManifestFromRegistryMetadata   '0.2.10',
315 silly pickManifestFromRegistryMetadata   '0.3.0',
315 silly pickManifestFromRegistryMetadata   '0.4.0',
315 silly pickManifestFromRegistryMetadata   '0.4.1',
315 silly pickManifestFromRegistryMetadata   '0.5.0',
315 silly pickManifestFromRegistryMetadata   '0.6.0',
315 silly pickManifestFromRegistryMetadata   '0.6.1',
315 silly pickManifestFromRegistryMetadata   '0.6.2',
315 silly pickManifestFromRegistryMetadata   '0.7.0',
315 silly pickManifestFromRegistryMetadata   '0.8.0',
315 silly pickManifestFromRegistryMetadata   '0.9.0',
315 silly pickManifestFromRegistryMetadata   '0.9.2',
315 silly pickManifestFromRegistryMetadata   '1.0.0',
315 silly pickManifestFromRegistryMetadata   '1.1.0',
315 silly pickManifestFromRegistryMetadata   '1.2.0',
315 silly pickManifestFromRegistryMetadata   '1.1.1',
315 silly pickManifestFromRegistryMetadata   '1.2.1',
315 silly pickManifestFromRegistryMetadata   '1.3.0',
315 silly pickManifestFromRegistryMetadata   '1.4.0',
315 silly pickManifestFromRegistryMetadata   '1.4.1',
315 silly pickManifestFromRegistryMetadata   '1.4.2',
315 silly pickManifestFromRegistryMetadata   '1.5.0',
315 silly pickManifestFromRegistryMetadata   '1.5.1',
315 silly pickManifestFromRegistryMetadata   '1.5.2',
315 silly pickManifestFromRegistryMetadata   '2.0.0-alpha.0',
315 silly pickManifestFromRegistryMetadata   '2.0.0-rc.1',
315 silly pickManifestFromRegistryMetadata   '2.0.0-rc.2',
315 silly pickManifestFromRegistryMetadata   '2.0.0-rc.3',
315 silly pickManifestFromRegistryMetadata   '2.0.0-rc.4',
315 silly pickManifestFromRegistryMetadata   '2.0.0-rc.5',
315 silly pickManifestFromRegistryMetadata   '2.0.0-rc.6',
315 silly pickManifestFromRegistryMetadata   '2.0.0',
315 silly pickManifestFromRegistryMetadata   '2.0.1',
315 silly pickManifestFromRegistryMetadata   '2.1.0',
315 silly pickManifestFromRegistryMetadata   '2.1.1',
315 silly pickManifestFromRegistryMetadata   '2.1.2',
315 silly pickManifestFromRegistryMetadata   '2.1.4',
315 silly pickManifestFromRegistryMetadata   '2.1.5' ]
316 silly addNamed async@0.2.10
317 verbose addNamed "0.2.10" is a plain semver version for async
318 http fetch 200 https://registry.npmjs.org/sugar/-/sugar-1.3.8.tgz
319 http fetch 200 https://registry.npmjs.org/commander/-/commander-1.1.1.tgz
320 http fetch 200 https://registry.npmjs.org/colors/-/colors-0.6.2.tgz
321 silly fetchAndShaCheck shasum 50d1651868ae60eccff0a2d9f34595376bc6b041
322 silly fetchAndShaCheck shasum 2423fe6678ac0c5dae8852e5d0e5be08c997abcc
323 verbose addTmpTarball C:\Users\BHANAG~1\AppData\Local\Temp\npm-9008-9b8dc76c\registry.npmjs.org\commander\-\commander-1.1.1.tgz not in flight; adding
324 verbose addTmpTarball already have metadata; skipping unpack for commander@1.1.1
325 verbose correctMkdir C:\Users\bhanage_r\AppData\Roaming\npm-cache correctMkdir not in flight; initializing
326 verbose addTmpTarball C:\Users\BHANAG~1\AppData\Local\Temp\npm-9008-9b8dc76c\registry.npmjs.org\colors\-\colors-0.6.2.tgz not in flight; adding
327 verbose addTmpTarball already have metadata; skipping unpack for colors@0.6.2
328 verbose correctMkdir C:\Users\bhanage_r\AppData\Roaming\npm-cache correctMkdir not in flight; initializing
329 silly cache afterAdd commander@1.1.1
330 verbose afterAdd C:\Users\bhanage_r\AppData\Roaming\npm-cache\commander\1.1.1\package\package.json not in flight; writing
331 verbose correctMkdir C:\Users\bhanage_r\AppData\Roaming\npm-cache correctMkdir not in flight; initializing
332 silly cache afterAdd colors@0.6.2
333 verbose afterAdd C:\Users\bhanage_r\AppData\Roaming\npm-cache\colors\0.6.2\package\package.json not in flight; writing
334 verbose correctMkdir C:\Users\bhanage_r\AppData\Roaming\npm-cache correctMkdir not in flight; initializing
335 verbose afterAdd C:\Users\bhanage_r\AppData\Roaming\npm-cache\commander\1.1.1\package\package.json written
336 verbose afterAdd C:\Users\bhanage_r\AppData\Roaming\npm-cache\colors\0.6.2\package\package.json written
337 silly cache afterAdd async@0.2.10
338 verbose afterAdd C:\Users\bhanage_r\AppData\Roaming\npm-cache\async\0.2.10\package\package.json not in flight; writing
339 verbose correctMkdir C:\Users\bhanage_r\AppData\Roaming\npm-cache correctMkdir not in flight; initializing
340 verbose afterAdd C:\Users\bhanage_r\AppData\Roaming\npm-cache\async\0.2.10\package\package.json written
341 error git clone --template=C:\Users\bhanage_r\AppData\Roaming\npm-cache\_git-remotes\_templates --mirror git://github.com/3rd-Eden/ws.git C:\Users\bhanage_r\AppData\Roaming\npm-cache\_git-remotes\git-github-com-3rd-Eden-ws-git-2e9f11e5: Cloning into bare repository 'C:\Users\bhanage_r\AppData\Roaming\npm-cache\_git-remotes\git-github-com-3rd-Eden-ws-git-2e9f11e5'...
341 error git clone --template=C:\Users\bhanage_r\AppData\Roaming\npm-cache\_git-remotes\_templates --mirror git://github.com/3rd-Eden/ws.git C:\Users\bhanage_r\AppData\Roaming\npm-cache\_git-remotes\git-github-com-3rd-Eden-ws-git-2e9f11e5: fatal: remote error:
341 error git clone --template=C:\Users\bhanage_r\AppData\Roaming\npm-cache\_git-remotes\_templates --mirror git://github.com/3rd-Eden/ws.git C:\Users\bhanage_r\AppData\Roaming\npm-cache\_git-remotes\git-github-com-3rd-Eden-ws-git-2e9f11e5:   Repository not found.
342 silly fetchPackageMetaData Error: Command failed: git -c core.longpaths=true clone --template=C:\Users\bhanage_r\AppData\Roaming\npm-cache\_git-remotes\_templates --mirror git://github.com/3rd-Eden/ws.git C:\Users\bhanage_r\AppData\Roaming\npm-cache\_git-remotes\git-github-com-3rd-Eden-ws-git-2e9f11e5
342 silly fetchPackageMetaData Cloning into bare repository 'C:\Users\bhanage_r\AppData\Roaming\npm-cache\_git-remotes\git-github-com-3rd-Eden-ws-git-2e9f11e5'...
342 silly fetchPackageMetaData fatal: remote error:
342 silly fetchPackageMetaData   Repository not found.
342 silly fetchPackageMetaData
342 silly fetchPackageMetaData     at ChildProcess.exithandler (child_process.js:211:12)
342 silly fetchPackageMetaData     at emitTwo (events.js:106:13)
342 silly fetchPackageMetaData     at ChildProcess.emit (events.js:192:7)
342 silly fetchPackageMetaData     at maybeClose (internal/child_process.js:890:16)
342 silly fetchPackageMetaData     at Process.ChildProcess._handle.onexit (internal/child_process.js:226:5)
342 silly fetchPackageMetaData  error for ws@git://github.com/3rd-Eden/ws.git { Error: Command failed: git -c core.longpaths=true clone --template=C:\Users\bhanage_r\AppData\Roaming\npm-cache\_git-remotes\_templates --mirror git://github.com/3rd-Eden/ws.git C:\Users\bhanage_r\AppData\Roaming\npm-cache\_git-remotes\git-github-com-3rd-Eden-ws-git-2e9f11e5
342 silly fetchPackageMetaData Cloning into bare repository 'C:\Users\bhanage_r\AppData\Roaming\npm-cache\_git-remotes\git-github-com-3rd-Eden-ws-git-2e9f11e5'...
342 silly fetchPackageMetaData fatal: remote error:
342 silly fetchPackageMetaData   Repository not found.
342 silly fetchPackageMetaData
342 silly fetchPackageMetaData     at ChildProcess.exithandler (child_process.js:211:12)
342 silly fetchPackageMetaData     at emitTwo (events.js:106:13)
342 silly fetchPackageMetaData     at ChildProcess.emit (events.js:192:7)
342 silly fetchPackageMetaData     at maybeClose (internal/child_process.js:890:16)
342 silly fetchPackageMetaData     at Process.ChildProcess._handle.onexit (internal/child_process.js:226:5)
342 silly fetchPackageMetaData   killed: false,
342 silly fetchPackageMetaData   code: 128,
342 silly fetchPackageMetaData   signal: null,
342 silly fetchPackageMetaData   cmd: 'git -c core.longpaths=true clone --template=C:\\Users\\bhanage_r\\AppData\\Roaming\\npm-cache\\_git-remotes\\_templates --mirror git://github.com/3rd-Eden/ws.git C:\\Users\\bhanage_r\\AppData\\Roaming\\npm-cache\\_git-remotes\\git-github-com-3rd-Eden-ws-git-2e9f11e5' }
343 silly fetchAndShaCheck shasum 3495db4ed50202107e9410a1ff9901c33819b80b
344 verbose addTmpTarball C:\Users\BHANAG~1\AppData\Local\Temp\npm-9008-9b8dc76c\registry.npmjs.org\sugar\-\sugar-1.3.8.tgz not in flight; adding
345 verbose addTmpTarball already have metadata; skipping unpack for sugar@1.3.8
346 verbose correctMkdir C:\Users\bhanage_r\AppData\Roaming\npm-cache correctMkdir not in flight; initializing
347 silly cache afterAdd sugar@1.3.8
348 verbose afterAdd C:\Users\bhanage_r\AppData\Roaming\npm-cache\sugar\1.3.8\package\package.json not in flight; writing
349 verbose correctMkdir C:\Users\bhanage_r\AppData\Roaming\npm-cache correctMkdir not in flight; initializing
350 verbose afterAdd C:\Users\bhanage_r\AppData\Roaming\npm-cache\sugar\1.3.8\package\package.json written
351 verbose mirrorRemote git://github.com/bluesmoon/node-faststats.git git clone git://github.com/bluesmoon/node-faststats.git
352 verbose setPermissions git://github.com/bluesmoon/node-faststats.git skipping chownr on Windows
353 verbose resolveHead git://github.com/bluesmoon/node-faststats.git original treeish: master
354 info git [ 'rev-list', '-n1', 'master' ]
355 silly resolveHead git://github.com/bluesmoon/node-faststats.git resolved treeish: 42b782275e4c0493bdd553e03705846a4712ebc5
356 verbose resolveHead git://github.com/bluesmoon/node-faststats.git resolved Git URL: git://github.com/bluesmoon/node-faststats.git#42b782275e4c0493bdd553e03705846a4712ebc5
357 silly resolveHead Git working directory: C:\Users\BHANAG~1\AppData\Local\Temp\npm-9008-9b8dc76c\git-cache-9559ee3d\42b782275e4c0493bdd553e03705846a4712ebc5
358 info git [ 'clone',
358 info git   'C:\\Users\\bhanage_r\\AppData\\Roaming\\npm-cache\\_git-remotes\\git-github-com-bluesmoon-node-faststats-git-d01388a3',
358 info git   'C:\\Users\\BHANAG~1\\AppData\\Local\\Temp\\npm-9008-9b8dc76c\\git-cache-9559ee3d\\42b782275e4c0493bdd553e03705846a4712ebc5' ]
359 verbose cloneResolved git://github.com/bluesmoon/node-faststats.git clone Cloning into 'C:\Users\BHANAG~1\AppData\Local\Temp\npm-9008-9b8dc76c\git-cache-9559ee3d\42b782275e4c0493bdd553e03705846a4712ebc5'...
359 verbose cloneResolved done.
360 info git [ 'checkout', '42b782275e4c0493bdd553e03705846a4712ebc5' ]
361 verbose checkoutTreeish git://github.com/bluesmoon/node-faststats.git checkout Note: checking out '42b782275e4c0493bdd553e03705846a4712ebc5'.
361 verbose checkoutTreeish
361 verbose checkoutTreeish You are in 'detached HEAD' state. You can look around, make experimental
361 verbose checkoutTreeish changes and commit them, and you can discard any commits you make in this
361 verbose checkoutTreeish state without impacting any branches by performing another checkout.
361 verbose checkoutTreeish
361 verbose checkoutTreeish If you want to create a new branch to retain commits you create, you may
361 verbose checkoutTreeish do so (now or later) by using -b with the checkout command again. Example:
361 verbose checkoutTreeish
361 verbose checkoutTreeish   git checkout -b <new-branch-name>
361 verbose checkoutTreeish
361 verbose checkoutTreeish HEAD is now at 42b7822... bump version
362 info git [ 'submodule', '-q', 'update', '--init', '--recursive' ]
363 verbose updateSubmodules git://github.com/bluesmoon/node-faststats.git submodule update
364 verbose addLocalDirectory C:\Users\bhanage_r\AppData\Roaming\npm-cache\fast-stats\0.0.3\package.tgz not in flight; packing
365 verbose correctMkdir C:\Users\bhanage_r\AppData\Roaming\npm-cache correctMkdir not in flight; initializing
366 verbose tar pack [ 'C:\\Users\\bhanage_r\\AppData\\Roaming\\npm-cache\\fast-stats\\0.0.3\\package.tgz',
366 verbose tar pack   'C:\\Users\\BHANAG~1\\AppData\\Local\\Temp\\npm-9008-9b8dc76c\\git-cache-9559ee3d\\42b782275e4c0493bdd553e03705846a4712ebc5' ]
367 verbose tarball C:\Users\bhanage_r\AppData\Roaming\npm-cache\fast-stats\0.0.3\package.tgz
368 verbose folder C:\Users\BHANAG~1\AppData\Local\Temp\npm-9008-9b8dc76c\git-cache-9559ee3d\42b782275e4c0493bdd553e03705846a4712ebc5
369 verbose addLocalTarball adding from inside cache C:\Users\bhanage_r\AppData\Roaming\npm-cache\fast-stats\0.0.3\package.tgz
370 verbose correctMkdir C:\Users\bhanage_r\AppData\Roaming\npm-cache correctMkdir not in flight; initializing
371 verbose addRemoteGit data._from: git://github.com/bluesmoon/node-faststats.git
372 verbose addRemoteGit data._resolved: git://github.com/bluesmoon/node-faststats.git#42b782275e4c0493bdd553e03705846a4712ebc5
373 silly cache afterAdd fast-stats@0.0.3
374 verbose afterAdd C:\Users\bhanage_r\AppData\Roaming\npm-cache\fast-stats\0.0.3\package\package.json not in flight; writing
375 verbose correctMkdir C:\Users\bhanage_r\AppData\Roaming\npm-cache correctMkdir not in flight; initializing
376 verbose afterAdd C:\Users\bhanage_r\AppData\Roaming\npm-cache\fast-stats\0.0.3\package\package.json written
377 silly resolveWithNewModule fast-stats@0.0.3 checking installable status
378 silly rollbackFailedOptional Starting
379 silly rollbackFailedOptional Finishing
380 silly runTopLevelLifecycles Finishing
381 silly install printInstalled
382 verbose stack Error: Command failed: git -c core.longpaths=true clone --template=C:\Users\bhanage_r\AppData\Roaming\npm-cache\_git-remotes\_templates --mirror git://github.com/3rd-Eden/ws.git C:\Users\bhanage_r\AppData\Roaming\npm-cache\_git-remotes\git-github-com-3rd-Eden-ws-git-2e9f11e5
382 verbose stack Cloning into bare repository 'C:\Users\bhanage_r\AppData\Roaming\npm-cache\_git-remotes\git-github-com-3rd-Eden-ws-git-2e9f11e5'...
382 verbose stack fatal: remote error:
382 verbose stack   Repository not found.
382 verbose stack
382 verbose stack     at ChildProcess.exithandler (child_process.js:211:12)
382 verbose stack     at emitTwo (events.js:106:13)
382 verbose stack     at ChildProcess.emit (events.js:192:7)
382 verbose stack     at maybeClose (internal/child_process.js:890:16)
382 verbose stack     at Process.ChildProcess._handle.onexit (internal/child_process.js:226:5)
383 verbose cwd C:\Users\bhanage_r\Desktop\workspace\chatterBox\ChatterBox\server
384 error Windows_NT 6.1.7601
385 error argv "C:\\Program Files\\nodejs\\node.exe" "C:\\Program Files\\nodejs\\node_modules\\npm\\bin\\npm-cli.js" "install" "-g" "thor"
386 error node v7.5.0
387 error npm  v4.1.2
388 error code 128
389 error Command failed: git -c core.longpaths=true clone --template=C:\Users\bhanage_r\AppData\Roaming\npm-cache\_git-remotes\_templates --mirror git://github.com/3rd-Eden/ws.git C:\Users\bhanage_r\AppData\Roaming\npm-cache\_git-remotes\git-github-com-3rd-Eden-ws-git-2e9f11e5
389 error Cloning into bare repository 'C:\Users\bhanage_r\AppData\Roaming\npm-cache\_git-remotes\git-github-com-3rd-Eden-ws-git-2e9f11e5'...
389 error fatal: remote error:
389 error   Repository not found.
390 error If you need help, you may report this error at:
390 error     <https://github.com/npm/npm/issues>
391 verbose exit [ 1, true ]
